May 22, 2018 10:19:15 PM org.apache.catalina.startup.VersionLoggerListener log
INFO: Server version:        Apache Tomcat/7.0.85
May 22, 2018 10:19:15 PM org.apache.catalina.startup.VersionLoggerListener log
INFO: Server built:          Feb 7 2018 18:52:33 UTC
May 22, 2018 10:19:15 PM org.apache.catalina.startup.VersionLoggerListener log
INFO: Server number:         7.0.85.0
May 22, 2018 10:19:15 PM org.apache.catalina.startup.VersionLoggerListener log
INFO: OS Name:               Linux
May 22, 2018 10:19:15 PM org.apache.catalina.startup.VersionLoggerListener log
INFO: OS Version:            4.9.85-37.55.amzn1.x86_64
May 22, 2018 10:19:15 PM org.apache.catalina.startup.VersionLoggerListener log
INFO: Architecture:          amd64
May 22, 2018 10:19:15 PM org.apache.catalina.startup.VersionLoggerListener log
INFO: Java Home:             /opt/jdk1.8.0_161/jre
May 22, 2018 10:19:15 PM org.apache.catalina.startup.VersionLoggerListener log
INFO: JVM Version:           1.8.0_161-b12
May 22, 2018 10:19:15 PM org.apache.catalina.startup.VersionLoggerListener log
INFO: JVM Vendor:            Oracle Corporation
May 22, 2018 10:19:15 PM org.apache.catalina.startup.VersionLoggerListener log
INFO: CATALINA_BASE:         /root/apache-tomcat-7.0.85
May 22, 2018 10:19:15 PM org.apache.catalina.startup.VersionLoggerListener log
INFO: CATALINA_HOME:         /root/apache-tomcat-7.0.85
May 22, 2018 10:19:15 PM org.apache.catalina.startup.VersionLoggerListener log
INFO: Command line argument: -Djava.util.logging.config.file=/root/apache-tomcat-7.0.85/conf/logging.properties
May 22, 2018 10:19:15 PM org.apache.catalina.startup.VersionLoggerListener log
INFO: Command line argument: -Djava.util.logging.manager=org.apache.juli.ClassLoaderLogManager
May 22, 2018 10:19:15 PM org.apache.catalina.startup.VersionLoggerListener log
INFO: Command line argument: -Djdk.tls.ephemeralDHKeySize=2048
May 22, 2018 10:19:15 PM org.apache.catalina.startup.VersionLoggerListener log
INFO: Command line argument: -Dignore.endorsed.dirs=
May 22, 2018 10:19:15 PM org.apache.catalina.startup.VersionLoggerListener log
INFO: Command line argument: -Dcatalina.base=/root/apache-tomcat-7.0.85
May 22, 2018 10:19:15 PM org.apache.catalina.startup.VersionLoggerListener log
INFO: Command line argument: -Dcatalina.home=/root/apache-tomcat-7.0.85
May 22, 2018 10:19:15 PM org.apache.catalina.startup.VersionLoggerListener log
INFO: Command line argument: -Djava.io.tmpdir=/root/apache-tomcat-7.0.85/temp
May 22, 2018 10:19:15 PM org.apache.catalina.core.AprLifecycleListener lifecycleEvent
INFO: The APR based Apache Tomcat Native library which allows optimal performance in production environments was not found on the java.library.path: /usr/java/packages/lib/amd64:/usr/lib64:/lib64:/lib:/usr/lib
May 22, 2018 10:19:15 PM org.apache.coyote.AbstractProtocol init
INFO: Initializing ProtocolHandler ["http-bio-8080"]
May 22, 2018 10:19:16 PM org.apache.coyote.AbstractProtocol init
INFO: Initializing ProtocolHandler ["ajp-bio-8009"]
May 22, 2018 10:19:16 PM org.apache.catalina.startup.Catalina load
INFO: Initialization processed in 1200 ms
May 22, 2018 10:19:16 PM org.apache.catalina.core.StandardService startInternal
INFO: Starting service Catalina
May 22, 2018 10:19:16 PM org.apache.catalina.core.StandardEngine startInternal
INFO: Starting Servlet Engine: Apache Tomcat/7.0.85
May 22, 2018 10:19:16 PM org.apache.catalina.startup.HostConfig deployWAR
INFO: Deploying web application archive /root/apache-tomcat-7.0.85/webapps/siri.war
May 22, 2018 10:19:16 PM org.apache.catalina.startup.TldConfig execute
INFO: At least one JAR was scanned for TLDs yet contained no TLDs. Enable debug logging for this logger for a complete list of JARs that were scanned but no TLDs were found in them. Skipping unneeded JARs during scanning can improve startup time and JSP compilation time.
May 22, 2018 10:19:16 PM org.apache.catalina.startup.HostConfig deployWAR
INFO: Deployment of web application archive /root/apache-tomcat-7.0.85/webapps/siri.war has finished in 684 ms
May 22, 2018 10:19:16 PM org.apache.catalina.startup.HostConfig deployDirectory
INFO: Deploying web application directory /root/apache-tomcat-7.0.85/webapps/examples
May 22, 2018 10:19:17 PM org.apache.catalina.startup.HostConfig deployDirectory
INFO: Deployment of web application directory /root/apache-tomcat-7.0.85/webapps/examples has finished in 729 ms
May 22, 2018 10:19:17 PM org.apache.catalina.startup.HostConfig deployDirectory
INFO: Deploying web application directory /root/apache-tomcat-7.0.85/webapps/docs
May 22, 2018 10:19:17 PM org.apache.catalina.startup.HostConfig deployDirectory
INFO: Deployment of web application directory /root/apache-tomcat-7.0.85/webapps/docs has finished in 110 ms
May 22, 2018 10:19:17 PM org.apache.catalina.startup.HostConfig deployDirectory
INFO: Deploying web application directory /root/apache-tomcat-7.0.85/webapps/host-manager
May 22, 2018 10:19:17 PM org.apache.catalina.startup.HostConfig deployDirectory
INFO: Deployment of web application directory /root/apache-tomcat-7.0.85/webapps/host-manager has finished in 251 ms
May 22, 2018 10:19:17 PM org.apache.catalina.startup.HostConfig deployDirectory
INFO: Deploying web application directory /root/apache-tomcat-7.0.85/webapps/ROOT
May 22, 2018 10:19:17 PM org.apache.catalina.startup.HostConfig deployDirectory
INFO: Deployment of web application directory /root/apache-tomcat-7.0.85/webapps/ROOT has finished in 70 ms
May 22, 2018 10:19:17 PM org.apache.catalina.startup.HostConfig deployDirectory
INFO: Deploying web application directory /root/apache-tomcat-7.0.85/webapps/manager
May 22, 2018 10:19:18 PM org.apache.catalina.startup.HostConfig deployDirectory
INFO: Deployment of web application directory /root/apache-tomcat-7.0.85/webapps/manager has finished in 118 ms
May 22, 2018 10:19:18 PM org.apache.coyote.AbstractProtocol start
INFO: Starting ProtocolHandler ["http-bio-8080"]
May 22, 2018 10:19:18 PM org.apache.coyote.AbstractProtocol start
INFO: Starting ProtocolHandler ["ajp-bio-8009"]
May 22, 2018 10:19:18 PM org.apache.catalina.startup.Catalina start
INFO: Server startup in 2117 ms
May 22, 2018 10:19:59 PM org.apache.catalina.startup.HostConfig undeploy
INFO: Undeploying context [/siri]
