Mar 08, 2018 9:55:15 AM org.apache.catalina.startup.VersionLoggerListener log
INFO: Server version:        Apache Tomcat/7.0.85
Mar 08, 2018 9:55:15 AM org.apache.catalina.startup.VersionLoggerListener log
INFO: Server built:          Feb 7 2018 18:52:33 UTC
Mar 08, 2018 9:55:15 AM org.apache.catalina.startup.VersionLoggerListener log
INFO: Server number:         7.0.85.0
Mar 08, 2018 9:55:15 AM org.apache.catalina.startup.VersionLoggerListener log
INFO: OS Name:               Linux
Mar 08, 2018 9:55:15 AM org.apache.catalina.startup.VersionLoggerListener log
INFO: OS Version:            4.9.76-3.78.amzn1.x86_64
Mar 08, 2018 9:55:15 AM org.apache.catalina.startup.VersionLoggerListener log
INFO: Architecture:          amd64
Mar 08, 2018 9:55:15 AM org.apache.catalina.startup.VersionLoggerListener log
INFO: Java Home:             /opt/jdk1.8.0_161/jre
Mar 08, 2018 9:55:15 AM org.apache.catalina.startup.VersionLoggerListener log
INFO: JVM Version:           1.8.0_161-b12
Mar 08, 2018 9:55:15 AM org.apache.catalina.startup.VersionLoggerListener log
INFO: JVM Vendor:            Oracle Corporation
Mar 08, 2018 9:55:15 AM org.apache.catalina.startup.VersionLoggerListener log
INFO: CATALINA_BASE:         /root/apache-tomcat-7.0.85
Mar 08, 2018 9:55:15 AM org.apache.catalina.startup.VersionLoggerListener log
INFO: CATALINA_HOME:         /root/apache-tomcat-7.0.85
Mar 08, 2018 9:55:15 AM org.apache.catalina.startup.VersionLoggerListener log
INFO: Command line argument: -Djava.util.logging.config.file=/root/apache-tomcat-7.0.85/conf/logging.properties
Mar 08, 2018 9:55:15 AM org.apache.catalina.startup.VersionLoggerListener log
INFO: Command line argument: -Djava.util.logging.manager=org.apache.juli.ClassLoaderLogManager
Mar 08, 2018 9:55:15 AM org.apache.catalina.startup.VersionLoggerListener log
INFO: Command line argument: -Djdk.tls.ephemeralDHKeySize=2048
Mar 08, 2018 9:55:15 AM org.apache.catalina.startup.VersionLoggerListener log
INFO: Command line argument: -Dignore.endorsed.dirs=
Mar 08, 2018 9:55:15 AM org.apache.catalina.startup.VersionLoggerListener log
INFO: Command line argument: -Dcatalina.base=/root/apache-tomcat-7.0.85
Mar 08, 2018 9:55:15 AM org.apache.catalina.startup.VersionLoggerListener log
INFO: Command line argument: -Dcatalina.home=/root/apache-tomcat-7.0.85
Mar 08, 2018 9:55:15 AM org.apache.catalina.startup.VersionLoggerListener log
INFO: Command line argument: -Djava.io.tmpdir=/root/apache-tomcat-7.0.85/temp
Mar 08, 2018 9:55:15 AM org.apache.catalina.core.AprLifecycleListener lifecycleEvent
INFO: The APR based Apache Tomcat Native library which allows optimal performance in production environments was not found on the java.library.path: /usr/java/packages/lib/amd64:/usr/lib64:/lib64:/lib:/usr/lib
Mar 08, 2018 9:55:15 AM org.apache.coyote.AbstractProtocol init
INFO: Initializing ProtocolHandler ["http-bio-8080"]
Mar 08, 2018 9:55:15 AM org.apache.coyote.AbstractProtocol init
INFO: Initializing ProtocolHandler ["ajp-bio-8009"]
Mar 08, 2018 9:55:15 AM org.apache.catalina.startup.Catalina load
INFO: Initialization processed in 1215 ms
Mar 08, 2018 9:55:15 AM org.apache.catalina.core.StandardService startInternal
INFO: Starting service Catalina
Mar 08, 2018 9:55:15 AM org.apache.catalina.core.StandardEngine startInternal
INFO: Starting Servlet Engine: Apache Tomcat/7.0.85
Mar 08, 2018 9:55:15 AM org.apache.catalina.startup.HostConfig deployWAR
INFO: Deploying web application archive /root/apache-tomcat-7.0.85/webapps/manohar.war
Mar 08, 2018 9:55:15 AM org.apache.catalina.startup.TldConfig execute
INFO: At least one JAR was scanned for TLDs yet contained no TLDs. Enable debug logging for this logger for a complete list of JARs that were scanned but no TLDs were found in them. Skipping unneeded JARs during scanning can improve startup time and JSP compilation time.
Mar 08, 2018 9:55:16 AM org.apache.catalina.startup.HostConfig deployWAR
INFO: Deployment of web application archive /root/apache-tomcat-7.0.85/webapps/manohar.war has finished in 656 ms
Mar 08, 2018 9:55:16 AM org.apache.catalina.startup.HostConfig deployDirectory
INFO: Deploying web application directory /root/apache-tomcat-7.0.85/webapps/examples
Mar 08, 2018 9:55:16 AM org.apache.catalina.startup.HostConfig deployDirectory
INFO: Deployment of web application directory /root/apache-tomcat-7.0.85/webapps/examples has finished in 562 ms
Mar 08, 2018 9:55:16 AM org.apache.catalina.startup.HostConfig deployDirectory
INFO: Deploying web application directory /root/apache-tomcat-7.0.85/webapps/docs
Mar 08, 2018 9:55:16 AM org.apache.catalina.startup.HostConfig deployDirectory
INFO: Deployment of web application directory /root/apache-tomcat-7.0.85/webapps/docs has finished in 97 ms
Mar 08, 2018 9:55:16 AM org.apache.catalina.startup.HostConfig deployDirectory
INFO: Deploying web application directory /root/apache-tomcat-7.0.85/webapps/host-manager
Mar 08, 2018 9:55:17 AM org.apache.catalina.startup.HostConfig deployDirectory
INFO: Deployment of web application directory /root/apache-tomcat-7.0.85/webapps/host-manager has finished in 256 ms
Mar 08, 2018 9:55:17 AM org.apache.catalina.startup.HostConfig deployDirectory
INFO: Deploying web application directory /root/apache-tomcat-7.0.85/webapps/ROOT
Mar 08, 2018 9:55:17 AM org.apache.catalina.startup.HostConfig deployDirectory
INFO: Deployment of web application directory /root/apache-tomcat-7.0.85/webapps/ROOT has finished in 79 ms
Mar 08, 2018 9:55:17 AM org.apache.catalina.startup.HostConfig deployDirectory
INFO: Deploying web application directory /root/apache-tomcat-7.0.85/webapps/manager
Mar 08, 2018 9:55:17 AM org.apache.catalina.startup.HostConfig deployDirectory
INFO: Deployment of web application directory /root/apache-tomcat-7.0.85/webapps/manager has finished in 128 ms
Mar 08, 2018 9:55:17 AM org.apache.coyote.AbstractProtocol start
INFO: Starting ProtocolHandler ["http-bio-8080"]
Mar 08, 2018 9:55:17 AM org.apache.coyote.AbstractProtocol start
INFO: Starting ProtocolHandler ["ajp-bio-8009"]
Mar 08, 2018 9:55:17 AM org.apache.catalina.startup.Catalina start
INFO: Server startup in 1940 ms
Mar 08, 2018 10:05:48 AM org.apache.catalina.startup.HostConfig undeploy
INFO: Undeploying context [/manohar]
Mar 08, 2018 10:11:43 AM org.apache.catalina.startup.HostConfig deployWAR
INFO: Deploying web application archive /root/apache-tomcat-7.0.85/webapps/ran.war
Mar 08, 2018 10:11:43 AM org.apache.catalina.startup.TldConfig execute
INFO: At least one JAR was scanned for TLDs yet contained no TLDs. Enable debug logging for this logger for a complete list of JARs that were scanned but no TLDs were found in them. Skipping unneeded JARs during scanning can improve startup time and JSP compilation time.
Mar 08, 2018 10:11:43 AM org.apache.catalina.startup.HostConfig deployWAR
INFO: Deployment of web application archive /root/apache-tomcat-7.0.85/webapps/ran.war has finished in 88 ms
Mar 08, 2018 10:21:15 AM org.apache.catalina.startup.HostConfig undeploy
INFO: Undeploying context [/ran]
Mar 08, 2018 12:30:52 PM org.apache.catalina.startup.HostConfig deployWAR
INFO: Deploying web application archive /root/apache-tomcat-7.0.85/webapps/ran.war
Mar 08, 2018 12:30:52 PM org.apache.catalina.startup.TldConfig execute
INFO: At least one JAR was scanned for TLDs yet contained no TLDs. Enable debug logging for this logger for a complete list of JARs that were scanned but no TLDs were found in them. Skipping unneeded JARs during scanning can improve startup time and JSP compilation time.
Mar 08, 2018 12:30:52 PM org.apache.catalina.startup.HostConfig deployWAR
INFO: Deployment of web application archive /root/apache-tomcat-7.0.85/webapps/ran.war has finished in 74 ms
Mar 08, 2018 1:48:59 PM org.apache.coyote.AbstractProtocol pause
INFO: Pausing ProtocolHandler ["http-bio-8080"]
Mar 08, 2018 1:48:59 PM org.apache.coyote.AbstractProtocol pause
INFO: Pausing ProtocolHandler ["ajp-bio-8009"]
Mar 08, 2018 1:48:59 PM org.apache.catalina.core.StandardService stopInternal
INFO: Stopping service Catalina
Mar 08, 2018 1:48:59 PM org.apache.coyote.AbstractProtocol stop
INFO: Stopping ProtocolHandler ["http-bio-8080"]
Mar 08, 2018 1:48:59 PM org.apache.coyote.AbstractProtocol stop
INFO: Stopping ProtocolHandler ["ajp-bio-8009"]
Mar 08, 2018 1:48:59 PM org.apache.coyote.AbstractProtocol destroy
INFO: Destroying ProtocolHandler ["http-bio-8080"]
Mar 08, 2018 1:48:59 PM org.apache.coyote.AbstractProtocol destroy
INFO: Destroying ProtocolHandler ["ajp-bio-8009"]
