May 09, 2018 1:09:45 PM org.apache.catalina.startup.VersionLoggerListener log
INFO: Server version:        Apache Tomcat/7.0.85
May 09, 2018 1:09:45 PM org.apache.catalina.startup.VersionLoggerListener log
INFO: Server built:          Feb 7 2018 18:52:33 UTC
May 09, 2018 1:09:45 PM org.apache.catalina.startup.VersionLoggerListener log
INFO: Server number:         7.0.85.0
May 09, 2018 1:09:45 PM org.apache.catalina.startup.VersionLoggerListener log
INFO: OS Name:               Linux
May 09, 2018 1:09:45 PM org.apache.catalina.startup.VersionLoggerListener log
INFO: OS Version:            4.9.85-37.55.amzn1.x86_64
May 09, 2018 1:09:45 PM org.apache.catalina.startup.VersionLoggerListener log
INFO: Architecture:          amd64
May 09, 2018 1:09:45 PM org.apache.catalina.startup.VersionLoggerListener log
INFO: Java Home:             /opt/jdk1.8.0_161/jre
May 09, 2018 1:09:45 PM org.apache.catalina.startup.VersionLoggerListener log
INFO: JVM Version:           1.8.0_161-b12
May 09, 2018 1:09:45 PM org.apache.catalina.startup.VersionLoggerListener log
INFO: JVM Vendor:            Oracle Corporation
May 09, 2018 1:09:45 PM org.apache.catalina.startup.VersionLoggerListener log
INFO: CATALINA_BASE:         /root/apache-tomcat-7.0.85
May 09, 2018 1:09:45 PM org.apache.catalina.startup.VersionLoggerListener log
INFO: CATALINA_HOME:         /root/apache-tomcat-7.0.85
May 09, 2018 1:09:45 PM org.apache.catalina.startup.VersionLoggerListener log
INFO: Command line argument: -Djava.util.logging.config.file=/root/apache-tomcat-7.0.85/conf/logging.properties
May 09, 2018 1:09:45 PM org.apache.catalina.startup.VersionLoggerListener log
INFO: Command line argument: -Djava.util.logging.manager=org.apache.juli.ClassLoaderLogManager
May 09, 2018 1:09:45 PM org.apache.catalina.startup.VersionLoggerListener log
INFO: Command line argument: -Djdk.tls.ephemeralDHKeySize=2048
May 09, 2018 1:09:45 PM org.apache.catalina.startup.VersionLoggerListener log
INFO: Command line argument: -Dignore.endorsed.dirs=
May 09, 2018 1:09:45 PM org.apache.catalina.startup.VersionLoggerListener log
INFO: Command line argument: -Dcatalina.base=/root/apache-tomcat-7.0.85
May 09, 2018 1:09:45 PM org.apache.catalina.startup.VersionLoggerListener log
INFO: Command line argument: -Dcatalina.home=/root/apache-tomcat-7.0.85
May 09, 2018 1:09:45 PM org.apache.catalina.startup.VersionLoggerListener log
INFO: Command line argument: -Djava.io.tmpdir=/root/apache-tomcat-7.0.85/temp
May 09, 2018 1:09:45 PM org.apache.catalina.core.AprLifecycleListener lifecycleEvent
INFO: The APR based Apache Tomcat Native library which allows optimal performance in production environments was not found on the java.library.path: /usr/java/packages/lib/amd64:/usr/lib64:/lib64:/lib:/usr/lib
May 09, 2018 1:09:46 PM org.apache.coyote.AbstractProtocol init
INFO: Initializing ProtocolHandler ["http-bio-8080"]
May 09, 2018 1:09:46 PM org.apache.coyote.AbstractProtocol init
INFO: Initializing ProtocolHandler ["ajp-bio-8009"]
May 09, 2018 1:09:46 PM org.apache.catalina.startup.Catalina load
INFO: Initialization processed in 1211 ms
May 09, 2018 1:09:46 PM org.apache.catalina.core.StandardService startInternal
INFO: Starting service Catalina
May 09, 2018 1:09:46 PM org.apache.catalina.core.StandardEngine startInternal
INFO: Starting Servlet Engine: Apache Tomcat/7.0.85
May 09, 2018 1:09:46 PM org.apache.catalina.startup.HostConfig deployWAR
INFO: Deploying web application archive /root/apache-tomcat-7.0.85/webapps/room.war
May 09, 2018 1:09:46 PM org.apache.catalina.startup.HostConfig deployWAR
INFO: Deployment of web application archive /root/apache-tomcat-7.0.85/webapps/room.war has finished in 527 ms
May 09, 2018 1:09:46 PM org.apache.catalina.startup.HostConfig deployDirectory
INFO: Deploying web application directory /root/apache-tomcat-7.0.85/webapps/examples
May 09, 2018 1:09:47 PM org.apache.catalina.startup.HostConfig deployDirectory
INFO: Deployment of web application directory /root/apache-tomcat-7.0.85/webapps/examples has finished in 506 ms
May 09, 2018 1:09:47 PM org.apache.catalina.startup.HostConfig deployDirectory
INFO: Deploying web application directory /root/apache-tomcat-7.0.85/webapps/docs
May 09, 2018 1:09:47 PM org.apache.catalina.startup.HostConfig deployDirectory
INFO: Deployment of web application directory /root/apache-tomcat-7.0.85/webapps/docs has finished in 126 ms
May 09, 2018 1:09:47 PM org.apache.catalina.startup.HostConfig deployDirectory
INFO: Deploying web application directory /root/apache-tomcat-7.0.85/webapps/host-manager
May 09, 2018 1:09:47 PM org.apache.catalina.startup.HostConfig deployDirectory
INFO: Deployment of web application directory /root/apache-tomcat-7.0.85/webapps/host-manager has finished in 263 ms
May 09, 2018 1:09:47 PM org.apache.catalina.startup.HostConfig deployDirectory
INFO: Deploying web application directory /root/apache-tomcat-7.0.85/webapps/ROOT
May 09, 2018 1:09:47 PM org.apache.catalina.startup.HostConfig deployDirectory
INFO: Deployment of web application directory /root/apache-tomcat-7.0.85/webapps/ROOT has finished in 64 ms
May 09, 2018 1:09:47 PM org.apache.catalina.startup.HostConfig deployDirectory
INFO: Deploying web application directory /root/apache-tomcat-7.0.85/webapps/manager
May 09, 2018 1:09:47 PM org.apache.catalina.startup.HostConfig deployDirectory
INFO: Deployment of web application directory /root/apache-tomcat-7.0.85/webapps/manager has finished in 101 ms
May 09, 2018 1:09:48 PM org.apache.coyote.AbstractProtocol start
INFO: Starting ProtocolHandler ["http-bio-8080"]
May 09, 2018 1:09:48 PM org.apache.coyote.AbstractProtocol start
INFO: Starting ProtocolHandler ["ajp-bio-8009"]
May 09, 2018 1:09:48 PM org.apache.catalina.startup.Catalina start
INFO: Server startup in 1762 ms
May 09, 2018 1:10:13 PM org.apache.catalina.startup.HostConfig undeploy
INFO: Undeploying context [/room]
May 09, 2018 1:17:04 PM org.apache.catalina.startup.HostConfig deployWAR
INFO: Deploying web application archive /root/apache-tomcat-7.0.85/webapps/siri.war
May 09, 2018 1:17:04 PM org.apache.catalina.startup.TldConfig execute
INFO: At least one JAR was scanned for TLDs yet contained no TLDs. Enable debug logging for this logger for a complete list of JARs that were scanned but no TLDs were found in them. Skipping unneeded JARs during scanning can improve startup time and JSP compilation time.
May 09, 2018 1:17:04 PM org.apache.catalina.startup.HostConfig deployWAR
INFO: Deployment of web application archive /root/apache-tomcat-7.0.85/webapps/siri.war has finished in 84 ms
May 09, 2018 1:45:01 PM org.apache.coyote.AbstractProtocol pause
INFO: Pausing ProtocolHandler ["http-bio-8080"]
May 09, 2018 1:45:01 PM org.apache.coyote.AbstractProtocol pause
INFO: Pausing ProtocolHandler ["ajp-bio-8009"]
May 09, 2018 1:45:01 PM org.apache.catalina.core.StandardService stopInternal
INFO: Stopping service Catalina
May 09, 2018 1:45:01 PM org.apache.coyote.AbstractProtocol stop
INFO: Stopping ProtocolHandler ["http-bio-8080"]
May 09, 2018 1:45:01 PM org.apache.coyote.AbstractProtocol stop
INFO: Stopping ProtocolHandler ["ajp-bio-8009"]
May 09, 2018 1:45:01 PM org.apache.coyote.AbstractProtocol destroy
INFO: Destroying ProtocolHandler ["http-bio-8080"]
May 09, 2018 1:45:01 PM org.apache.coyote.AbstractProtocol destroy
INFO: Destroying ProtocolHandler ["ajp-bio-8009"]
