Feb 22, 2018 8:17:18 AM org.apache.catalina.core.ApplicationContext log
INFO: ContextListener: contextInitialized()
Feb 22, 2018 8:17:18 AM org.apache.catalina.core.ApplicationContext log
INFO: SessionListener: contextInitialized()
Feb 22, 2018 8:17:18 AM org.apache.catalina.core.ApplicationContext log
INFO: ContextListener: attributeAdded('StockTicker', 'async.Stockticker@29bd771d')
Feb 22, 2018 8:17:18 AM org.apache.catalina.core.ApplicationContext log
INFO: ContextListener: attributeAdded('org.apache.jasper.compiler.TldLocationsCache', 'org.apache.jasper.compiler.TldLocationsCache@1de91c53')
Feb 22, 2018 12:15:49 PM org.apache.catalina.core.ApplicationContext log
INFO: ContextListener: contextInitialized()
Feb 22, 2018 12:15:49 PM org.apache.catalina.core.ApplicationContext log
INFO: SessionListener: contextInitialized()
Feb 22, 2018 12:15:49 PM org.apache.catalina.core.ApplicationContext log
INFO: ContextListener: attributeAdded('StockTicker', 'async.Stockticker@38242bcc')
Feb 22, 2018 12:15:49 PM org.apache.catalina.core.ApplicationContext log
INFO: ContextListener: attributeAdded('org.apache.jasper.compiler.TldLocationsCache', 'org.apache.jasper.compiler.TldLocationsCache@114bfa1b')
Feb 22, 2018 12:15:50 PM org.apache.catalina.core.ApplicationContext log
INFO: SessionListener: contextDestroyed()
Feb 22, 2018 12:15:50 PM org.apache.catalina.core.ApplicationContext log
INFO: ContextListener: contextDestroyed()
Feb 22, 2018 12:18:59 PM org.apache.catalina.core.ApplicationContext log
INFO: ContextListener: contextInitialized()
Feb 22, 2018 12:18:59 PM org.apache.catalina.core.ApplicationContext log
INFO: SessionListener: contextInitialized()
Feb 22, 2018 12:18:59 PM org.apache.catalina.core.ApplicationContext log
INFO: ContextListener: attributeAdded('StockTicker', 'async.Stockticker@fac0a0f')
Feb 22, 2018 12:18:59 PM org.apache.catalina.core.ApplicationContext log
INFO: ContextListener: attributeAdded('org.apache.jasper.compiler.TldLocationsCache', 'org.apache.jasper.compiler.TldLocationsCache@4dbc6be8')
Feb 22, 2018 12:19:00 PM org.apache.catalina.core.ApplicationContext log
INFO: SessionListener: contextDestroyed()
Feb 22, 2018 12:19:00 PM org.apache.catalina.core.ApplicationContext log
INFO: ContextListener: contextDestroyed()
Feb 22, 2018 12:55:51 PM org.apache.catalina.core.ApplicationContext log
INFO: SessionListener: contextDestroyed()
Feb 22, 2018 12:55:51 PM org.apache.catalina.core.ApplicationContext log
INFO: ContextListener: contextDestroyed()
