May 09, 2018 1:10:04 PM org.apache.catalina.core.ApplicationContext log
INFO: HTMLManager: init: Associated with Deployer 'Catalina:type=Deployer,host=localhost'
May 09, 2018 1:10:04 PM org.apache.catalina.core.ApplicationContext log
INFO: HTMLManager: init: Global resources are available
May 09, 2018 1:10:04 PM org.apache.catalina.core.ApplicationContext log
INFO: HTMLManager: list: Listing contexts for virtual host 'localhost'
May 09, 2018 1:10:12 PM org.apache.catalina.core.ApplicationContext log
INFO: HTMLManager: undeploy: Undeploying web application at '/room'
May 09, 2018 1:10:13 PM org.apache.catalina.core.ApplicationContext log
INFO: HTMLManager: list: Listing contexts for virtual host 'localhost'
May 09, 2018 1:17:04 PM org.apache.catalina.core.ApplicationContext log
INFO: Manager: init: Associated with Deployer 'Catalina:type=Deployer,host=localhost'
May 09, 2018 1:17:04 PM org.apache.catalina.core.ApplicationContext log
INFO: Manager: init: Global resources are available
May 09, 2018 1:17:04 PM org.apache.catalina.core.ApplicationContext log
INFO: Manager: list: Listing contexts for virtual host 'localhost'
May 09, 2018 1:17:04 PM org.apache.catalina.core.ApplicationContext log
INFO: Manager: deploy: Deploying web application '/siri'
May 09, 2018 1:17:04 PM org.apache.catalina.core.ApplicationContext log
INFO: Manager: Uploading WAR file to /root/apache-tomcat-7.0.85/webapps/siri.war
May 09, 2018 1:17:34 PM org.apache.catalina.core.ApplicationContext log
INFO: HTMLManager: undeploy: Undeploying web application at '/room'
May 09, 2018 1:17:34 PM org.apache.catalina.core.ApplicationContext log
INFO: HTMLManager: list: Listing contexts for virtual host 'localhost'
