Feb 20, 2018 1:01:55 PM org.apache.catalina.core.ApplicationContext log
INFO: HTMLManager: init: Associated with Deployer 'Catalina:type=Deployer,host=localhost'
Feb 20, 2018 1:01:55 PM org.apache.catalina.core.ApplicationContext log
INFO: HTMLManager: init: Global resources are available
Feb 20, 2018 1:01:55 PM org.apache.catalina.core.ApplicationContext log
INFO: HTMLManager: list: Listing contexts for virtual host 'localhost'
Feb 20, 2018 1:18:09 PM org.apache.catalina.core.ApplicationContext log
INFO: HTMLManager: list: Listing contexts for virtual host 'localhost'
Feb 20, 2018 1:18:48 PM org.apache.catalina.core.ApplicationContext log
INFO: HTMLManager: list: Listing contexts for virtual host 'localhost'
Feb 20, 2018 1:21:21 PM org.apache.catalina.core.ApplicationContext log
INFO: HTMLManager: list: Listing contexts for virtual host 'localhost'
Feb 20, 2018 1:21:29 PM org.apache.catalina.core.ApplicationContext log
INFO: HTMLManager: list: Listing contexts for virtual host 'localhost'
Feb 20, 2018 1:21:38 PM org.apache.catalina.core.ApplicationContext log
INFO: HTMLManager: list: Listing contexts for virtual host 'localhost'
Feb 20, 2018 1:21:56 PM org.apache.catalina.core.ApplicationContext log
INFO: HTMLManager: list: Listing contexts for virtual host 'localhost'
Feb 20, 2018 1:29:11 PM org.apache.catalina.core.ApplicationContext log
INFO: HTMLManager: list: Listing contexts for virtual host 'localhost'
Feb 20, 2018 1:29:18 PM org.apache.catalina.core.ApplicationContext log
INFO: HTMLManager: list: Listing contexts for virtual host 'localhost'
Feb 20, 2018 1:31:23 PM org.apache.catalina.core.ApplicationContext log
INFO: HTMLManager: list: Listing contexts for virtual host 'localhost'
Feb 20, 2018 1:31:36 PM org.apache.catalina.core.ApplicationContext log
INFO: HTMLManager: list: Listing contexts for virtual host 'localhost'
Feb 20, 2018 1:31:40 PM org.apache.catalina.core.ApplicationContext log
INFO: HTMLManager: list: Listing contexts for virtual host 'localhost'
Feb 20, 2018 1:35:16 PM org.apache.catalina.core.ApplicationContext log
INFO: Manager: init: Associated with Deployer 'Catalina:type=Deployer,host=localhost'
Feb 20, 2018 1:35:16 PM org.apache.catalina.core.ApplicationContext log
INFO: Manager: init: Global resources are available
Feb 20, 2018 1:35:16 PM org.apache.catalina.core.ApplicationContext log
INFO: Manager: list: Listing contexts for virtual host 'localhost'
Feb 20, 2018 1:35:16 PM org.apache.catalina.core.ApplicationContext log
INFO: Manager: deploy: Deploying web application '/Tom'
Feb 20, 2018 1:35:16 PM org.apache.catalina.core.ApplicationContext log
INFO: Manager: Uploading WAR file to /root/apache-tomcat-7.0.85/webapps/Tom.war
Feb 20, 2018 1:35:49 PM org.apache.catalina.core.ApplicationContext log
INFO: HTMLManager: list: Listing contexts for virtual host 'localhost'
