Feb 22, 2018 8:18:49 AM org.apache.catalina.core.ApplicationContext log
INFO: HTMLManager: init: Associated with Deployer 'Catalina:type=Deployer,host=localhost'
Feb 22, 2018 8:18:49 AM org.apache.catalina.core.ApplicationContext log
INFO: HTMLManager: init: Global resources are available
Feb 22, 2018 8:18:49 AM org.apache.catalina.core.ApplicationContext log
INFO: HTMLManager: list: Listing contexts for virtual host 'localhost'
Feb 22, 2018 12:17:07 PM org.apache.catalina.core.ApplicationContext log
INFO: HTMLManager: list: Listing contexts for virtual host 'localhost'
Feb 22, 2018 12:18:39 PM org.apache.catalina.core.ApplicationContext log
INFO: HTMLManager: stop: Stopping web application '/Tom'
Feb 22, 2018 12:18:39 PM org.apache.catalina.core.ApplicationContext log
INFO: HTMLManager: list: Listing contexts for virtual host 'localhost'
Feb 22, 2018 12:19:06 PM org.apache.catalina.core.ApplicationContext log
INFO: HTMLManager: stop: Stopping web application '/Tom'
Feb 22, 2018 12:19:06 PM org.apache.catalina.core.ApplicationContext log
INFO: HTMLManager: list: Listing contexts for virtual host 'localhost'
Feb 22, 2018 12:19:13 PM org.apache.catalina.core.ApplicationContext log
INFO: HTMLManager: stop: Stopping web application '/Tom'
Feb 22, 2018 12:19:13 PM org.apache.catalina.core.ApplicationContext log
INFO: HTMLManager: list: Listing contexts for virtual host 'localhost'
Feb 22, 2018 12:30:45 PM org.apache.catalina.core.ApplicationContext log
INFO: HTMLManager: start: Starting web application '/Tom'
Feb 22, 2018 12:30:45 PM org.apache.catalina.core.ApplicationContext log
INFO: HTMLManager: list: Listing contexts for virtual host 'localhost'
